<?xml version="1.0" encoding="UTF-8"?>
<testng-results ignored="0" total="1" passed="0" failed="1" skipped="0">
  <reporter-output>
    <line>
      <![CDATA[Lanching kite Application]]>
    </line>
    <line>
      <![CDATA[TC execution is started validateKiteUserID]]>
    </line>
    <line>
      <![CDATA[TC execution is Failed validateKiteUserID]]>
    </line>
    <line>
      <![CDATA[TakenScreenshot]]>
    </line>
    <line>
      <![CDATA[Clicking on logout button]]>
    </line>
    <line>
      <![CDATA[Closing browser]]>
    </line>
  </reporter-output>
  <suite started-at="2022-08-09T17:59:52 IST" name="Default suite" finished-at="2022-08-09T18:00:14 IST" duration-ms="21574">
    <groups>
    </groups>
    <test started-at="2022-08-09T17:59:52 IST" name="Default test" finished-at="2022-08-09T18:00:14 IST" duration-ms="21574">
      <class name="kiteTestClasses.ValidateKiteUserIDUsingPropertyFile">
        <test-method is-config="true" signature="launchKite()[pri:0, instance:kiteTestClasses.ValidateKiteUserIDUsingPropertyFile@4efac082]" started-at="2022-08-09T17:59:52 IST" name="launchKite" finished-at="2022-08-09T18:00:06 IST" duration-ms="13562" status="PASS">
          <reporter-output>
            <line>
              <![CDATA[Lanching kite Application]]>
            </line>
          </reporter-output>
        </test-method> <!-- launchKite -->
        <test-method is-config="true" signature="loginToKite()[pri:0, instance:kiteTestClasses.ValidateKiteUserIDUsingPropertyFile@4efac082]" started-at="2022-08-09T18:00:06 IST" name="loginToKite" finished-at="2022-08-09T18:00:07 IST" duration-ms="1674" status="PASS">
          <reporter-output>
          </reporter-output>
        </test-method> <!-- loginToKite -->
        <test-method signature="validateKiteUserID()[pri:0, instance:kiteTestClasses.ValidateKiteUserIDUsingPropertyFile@4efac082]" started-at="2022-08-09T18:00:07 IST" name="validateKiteUserID" finished-at="2022-08-09T18:00:12 IST" duration-ms="4236" status="FAIL">
          <exception class="java.lang.AssertionError">
            <message>
              <![CDATA[TC failed actual and expected are not matching expected [CPN4692] but found [CPN469]]]>
            </message>
            <full-stacktrace>
              <![CDATA[java.lang.AssertionError: TC failed actual and expected are not matching expected [CPN4692] but found [CPN469]
at org.testng.Assert.fail(Assert.java:99)
at org.testng.Assert.failNotEquals(Assert.java:1037)
at org.testng.Assert.assertEqualsImpl(Assert.java:140)
at org.testng.Assert.assertEquals(Assert.java:122)
at org.testng.Assert.assertEquals(Assert.java:629)
at kiteTestClasses.ValidateKiteUserIDUsingPropertyFile.validateKiteUserID(ValidateKiteUserIDUsingPropertyFile.java:59)
at java.base/jdk.internal.reflect.NativeMethodAccessorImpl.invoke0(Native Method)
at java.base/jdk.internal.reflect.NativeMethodAccessorImpl.invoke(NativeMethodAccessorImpl.java:62)
at java.base/jdk.internal.reflect.DelegatingMethodAccessorImpl.invoke(DelegatingMethodAccessorImpl.java:43)
at java.base/java.lang.reflect.Method.invoke(Method.java:566)
at org.testng.internal.MethodInvocationHelper.invokeMethod(MethodInvocationHelper.java:133)
at org.testng.internal.TestInvoker.invokeMethod(TestInvoker.java:598)
at org.testng.internal.TestInvoker.invokeTestMethod(TestInvoker.java:173)
at org.testng.internal.MethodRunner.runInSequence(MethodRunner.java:46)
at org.testng.internal.TestInvoker$MethodInvocationAgent.invoke(TestInvoker.java:824)
at org.testng.internal.TestInvoker.invokeTestMethods(TestInvoker.java:146)
at org.testng.internal.TestMethodWorker.invokeTestMethods(TestMethodWorker.java:146)
at org.testng.internal.TestMethodWorker.run(TestMethodWorker.java:128)
at java.base/java.util.ArrayList.forEach(ArrayList.java:1541)
at org.testng.TestRunner.privateRun(TestRunner.java:794)
at org.testng.TestRunner.run(TestRunner.java:596)
at org.testng.SuiteRunner.runTest(SuiteRunner.java:377)
at org.testng.SuiteRunner.runSequentially(SuiteRunner.java:371)
at org.testng.SuiteRunner.privateRun(SuiteRunner.java:332)
at org.testng.SuiteRunner.run(SuiteRunner.java:276)
at org.testng.SuiteRunnerWorker.runSuite(SuiteRunnerWorker.java:53)
at org.testng.SuiteRunnerWorker.run(SuiteRunnerWorker.java:96)
at org.testng.TestNG.runSuitesSequentially(TestNG.java:1212)
at org.testng.TestNG.runSuitesLocally(TestNG.java:1134)
at org.testng.TestNG.runSuites(TestNG.java:1063)
at org.testng.TestNG.run(TestNG.java:1031)
at org.testng.remote.AbstractRemoteTestNG.run(AbstractRemoteTestNG.java:115)
at org.testng.remote.RemoteTestNG.initAndRun(RemoteTestNG.java:251)
at org.testng.remote.RemoteTestNG.main(RemoteTestNG.java:77)
]]>
            </full-stacktrace>
          </exception> <!-- java.lang.AssertionError -->
          <reporter-output>
            <line>
              <![CDATA[TC execution is started validateKiteUserID]]>
            </line>
            <line>
              <![CDATA[TC execution is Failed validateKiteUserID]]>
            </line>
            <line>
              <![CDATA[TakenScreenshot]]>
            </line>
          </reporter-output>
        </test-method> <!-- validateKiteUserID -->
        <test-method is-config="true" signature="logOutKite()[pri:0, instance:kiteTestClasses.ValidateKiteUserIDUsingPropertyFile@4efac082]" started-at="2022-08-09T18:00:12 IST" name="logOutKite" finished-at="2022-08-09T18:00:13 IST" duration-ms="1159" status="PASS">
          <reporter-output>
            <line>
              <![CDATA[Clicking on logout button]]>
            </line>
          </reporter-output>
        </test-method> <!-- logOutKite -->
        <test-method is-config="true" signature="closeKiteApp()[pri:0, instance:kiteTestClasses.ValidateKiteUserIDUsingPropertyFile@4efac082]" started-at="2022-08-09T18:00:13 IST" name="closeKiteApp" finished-at="2022-08-09T18:00:14 IST" duration-ms="502" status="PASS">
          <reporter-output>
            <line>
              <![CDATA[Closing browser]]>
            </line>
          </reporter-output>
        </test-method> <!-- closeKiteApp -->
      </class> <!-- kiteTestClasses.ValidateKiteUserIDUsingPropertyFile -->
    </test> <!-- Default test -->
  </suite> <!-- Default suite -->
</testng-results>
